<?xml version="1.0" encoding="UTF-8"?>
<!-- Generated by org.testng.reporters.JUnitReportReporter -->
<testsuite skipped="0" hostname="INT-SF-06" name="com.inetbanking.testCases.TC_LoginTest_001" tests="1" failures="0" timestamp="13 Mar 2020 12:33:41 GMT" time="4.708" errors="0">
  <testcase name="loginTest" time="4.708" classname="com.inetbanking.testCases.TC_LoginTest_001"/>
</testsuite> <!-- com.inetbanking.testCases.TC_LoginTest_001 -->
